
> bizsprout@0.1.0 start /Users/jessicacompere/Projects/bizsprout
> next start -p $PORT

   ▲ Next.js 15.5.2
   - Local:        http://localhost:3002
   - Network:      http://192.168.0.13:3002

 ✓ Starting...
 ✓ Ready in 289ms
{"t":1758309332274,"level":"debug","msg":"rate-disabled","reqId":"a7b49510-945b-42fc-bcfe-dd3bff8f31bc"}
{"t":1758309333181,"level":"info","msg":"insert-ok","reqId":"a7b49510-945b-42fc-bcfe-dd3bff8f31bc","id":"1fa7edfe-fc70-4398-b366-4a7500534cf0"}
{"t":1758309333182,"level":"debug","msg":"done","reqId":"a7b49510-945b-42fc-bcfe-dd3bff8f31bc","durMs":908.893666}
{"t":1758309366946,"level":"debug","msg":"rate-disabled","reqId":"68e42dce-3c71-4306-b952-509d87526bfe"}
{"t":1758309367270,"level":"info","msg":"insert-ok","reqId":"68e42dce-3c71-4306-b952-509d87526bfe","id":"435e5cb0-39fd-4202-94cd-7cdfd80bf0c8"}
{"t":1758309367271,"level":"debug","msg":"done","reqId":"68e42dce-3c71-4306-b952-509d87526bfe","durMs":325.083916}
{"t":1758309367293,"level":"debug","msg":"rate-disabled","reqId":"2259fd5a-0161-4a1b-9950-315c37a6eca3"}
{"t":1758309367405,"level":"info","msg":"insert-ok","reqId":"2259fd5a-0161-4a1b-9950-315c37a6eca3","id":"f38b4221-4500-453a-a3ac-468103cdead2"}
{"t":1758309367406,"level":"debug","msg":"done","reqId":"2259fd5a-0161-4a1b-9950-315c37a6eca3","durMs":113.244375}
{"t":1758309367428,"level":"debug","msg":"rate-disabled","reqId":"75894d53-4e43-44b6-9638-7aa608f63532"}
{"t":1758309367500,"level":"info","msg":"insert-ok","reqId":"75894d53-4e43-44b6-9638-7aa608f63532","id":"72002d8e-4246-4270-ac20-6564a0c3c1e8"}
{"t":1758309367502,"level":"debug","msg":"done","reqId":"75894d53-4e43-44b6-9638-7aa608f63532","durMs":73.803667}
{"t":1758309367522,"level":"debug","msg":"rate-disabled","reqId":"7beb1dff-52a9-416d-a6ad-f3a05f2ea265"}
{"t":1758309367636,"level":"info","msg":"insert-ok","reqId":"7beb1dff-52a9-416d-a6ad-f3a05f2ea265","id":"153f7085-d5f7-4455-b341-aeb88d509c4c"}
{"t":1758309367637,"level":"debug","msg":"done","reqId":"7beb1dff-52a9-416d-a6ad-f3a05f2ea265","durMs":114.752666}
{"t":1758309367659,"level":"debug","msg":"rate-disabled","reqId":"35dfb4fe-6cc3-4746-a8dc-2c03e55d576c"}
{"t":1758309367729,"level":"info","msg":"insert-ok","reqId":"35dfb4fe-6cc3-4746-a8dc-2c03e55d576c","id":"648bab3b-ce93-4756-aa29-b2d3c9e53cc5"}
{"t":1758309367732,"level":"debug","msg":"done","reqId":"35dfb4fe-6cc3-4746-a8dc-2c03e55d576c","durMs":72.462166}
{"t":1758309367754,"level":"debug","msg":"rate-disabled","reqId":"c7f46ebe-858f-4c3e-951b-1c3684116cd8"}
{"t":1758309367878,"level":"info","msg":"insert-ok","reqId":"c7f46ebe-858f-4c3e-951b-1c3684116cd8","id":"5c5294c9-cdae-4340-b679-8483e1d08197"}
{"t":1758309367878,"level":"debug","msg":"done","reqId":"c7f46ebe-858f-4c3e-951b-1c3684116cd8","durMs":124.584709}
{"t":1758309367902,"level":"debug","msg":"rate-disabled","reqId":"3376c396-0067-409d-948d-268dab592a85"}
{"t":1758309367977,"level":"info","msg":"insert-ok","reqId":"3376c396-0067-409d-948d-268dab592a85","id":"a3b146e4-33dd-4c08-833c-e1f3a89080e0"}
{"t":1758309367978,"level":"debug","msg":"done","reqId":"3376c396-0067-409d-948d-268dab592a85","durMs":76.298208}
{"t":1758309368000,"level":"debug","msg":"rate-disabled","reqId":"f7ffbfb8-0fab-496e-8a81-24825849c6bd"}
{"t":1758309368073,"level":"info","msg":"insert-ok","reqId":"f7ffbfb8-0fab-496e-8a81-24825849c6bd","id":"989f662c-31ed-4a61-9231-1e21e3b61f19"}
{"t":1758309368074,"level":"debug","msg":"done","reqId":"f7ffbfb8-0fab-496e-8a81-24825849c6bd","durMs":73.809042}
{"t":1758309368097,"level":"debug","msg":"rate-disabled","reqId":"cd435859-49f9-4f7c-b7c2-9e1617970d85"}
{"t":1758309368167,"level":"info","msg":"insert-ok","reqId":"cd435859-49f9-4f7c-b7c2-9e1617970d85","id":"f8458445-66bc-4e2e-a6a4-62c5b4f8818b"}
{"t":1758309368168,"level":"debug","msg":"done","reqId":"cd435859-49f9-4f7c-b7c2-9e1617970d85","durMs":71.176208}
{"t":1758309368189,"level":"debug","msg":"rate-disabled","reqId":"bbcf1d95-6131-49c1-9bd8-3060c50cab77"}
{"t":1758309368253,"level":"info","msg":"insert-ok","reqId":"bbcf1d95-6131-49c1-9bd8-3060c50cab77","id":"567111d2-1246-465a-bd18-8eec03d7d7b9"}
{"t":1758309368254,"level":"debug","msg":"done","reqId":"bbcf1d95-6131-49c1-9bd8-3060c50cab77","durMs":64.785}
{"t":1758309368275,"level":"debug","msg":"rate-disabled","reqId":"b85e21ad-e7c3-4766-8870-3267d5de67c1"}
{"t":1758309368343,"level":"info","msg":"insert-ok","reqId":"b85e21ad-e7c3-4766-8870-3267d5de67c1","id":"a2ff9bbe-a42f-4dda-b115-9f9b52cfee31"}
{"t":1758309368344,"level":"debug","msg":"done","reqId":"b85e21ad-e7c3-4766-8870-3267d5de67c1","durMs":68.609417}
{"t":1758309368366,"level":"debug","msg":"rate-disabled","reqId":"c2399839-8ac8-454b-9d74-5b34c84ef16a"}
{"t":1758309368449,"level":"info","msg":"insert-ok","reqId":"c2399839-8ac8-454b-9d74-5b34c84ef16a","id":"2aeaceec-ccb5-406a-8ccf-1594d2fc6571"}
{"t":1758309368450,"level":"debug","msg":"done","reqId":"c2399839-8ac8-454b-9d74-5b34c84ef16a","durMs":84.032584}
{"t":1758309368471,"level":"debug","msg":"rate-disabled","reqId":"73efb05b-3410-4fee-9394-93e2aa2bfaf3"}
{"t":1758309368548,"level":"info","msg":"insert-ok","reqId":"73efb05b-3410-4fee-9394-93e2aa2bfaf3","id":"c772e4d9-fbf1-4fa9-a453-93cb6f7ced53"}
{"t":1758309368549,"level":"debug","msg":"done","reqId":"73efb05b-3410-4fee-9394-93e2aa2bfaf3","durMs":77.7375}
{"t":1758309368572,"level":"debug","msg":"rate-disabled","reqId":"dc10ec90-70e1-42c3-b69a-d3132cbf56af"}
{"t":1758309368670,"level":"info","msg":"insert-ok","reqId":"dc10ec90-70e1-42c3-b69a-d3132cbf56af","id":"e09bb49d-d872-46fd-8215-2468c22b495f"}
{"t":1758309368671,"level":"debug","msg":"done","reqId":"dc10ec90-70e1-42c3-b69a-d3132cbf56af","durMs":98.447834}
{"t":1758309368693,"level":"debug","msg":"rate-disabled","reqId":"f637e8c3-6563-4064-b95a-8095e6331987"}
{"t":1758309368766,"level":"info","msg":"insert-ok","reqId":"f637e8c3-6563-4064-b95a-8095e6331987","id":"6f6ac39b-ad30-49af-9db5-cfbcab1d5337"}
{"t":1758309368766,"level":"debug","msg":"done","reqId":"f637e8c3-6563-4064-b95a-8095e6331987","durMs":73.765875}
{"t":1758309368788,"level":"debug","msg":"rate-disabled","reqId":"d8ac5d6a-da39-4120-86d6-fb524309c6c6"}
{"t":1758309368887,"level":"info","msg":"insert-ok","reqId":"d8ac5d6a-da39-4120-86d6-fb524309c6c6","id":"cbd224b5-74c6-4736-893a-1dc2cca4ff51"}
{"t":1758309368888,"level":"debug","msg":"done","reqId":"d8ac5d6a-da39-4120-86d6-fb524309c6c6","durMs":98.885875}
{"t":1758309368909,"level":"debug","msg":"rate-disabled","reqId":"a1f21ad3-fd4f-47c1-96e9-b3ce216cd91b"}
{"t":1758309369000,"level":"info","msg":"insert-ok","reqId":"a1f21ad3-fd4f-47c1-96e9-b3ce216cd91b","id":"2747d506-14bd-4dca-9d6b-d570a6ea6271"}
{"t":1758309369000,"level":"debug","msg":"done","reqId":"a1f21ad3-fd4f-47c1-96e9-b3ce216cd91b","durMs":91.098625}
{"t":1758309369022,"level":"debug","msg":"rate-disabled","reqId":"20430eb8-6fd0-4a0b-977a-0592f463bba8"}
{"t":1758309369103,"level":"info","msg":"insert-ok","reqId":"20430eb8-6fd0-4a0b-977a-0592f463bba8","id":"7c8e3f23-4907-4a32-80f0-0a196981f7bd"}
{"t":1758309369103,"level":"debug","msg":"done","reqId":"20430eb8-6fd0-4a0b-977a-0592f463bba8","durMs":81.677417}
{"t":1758309369123,"level":"debug","msg":"rate-disabled","reqId":"d85ca985-60e0-4eb5-b8c5-ebed0132dc96"}
{"t":1758309369238,"level":"info","msg":"insert-ok","reqId":"d85ca985-60e0-4eb5-b8c5-ebed0132dc96","id":"e34fc21c-50a1-48ce-950a-6dfe6898771f"}
{"t":1758309369239,"level":"debug","msg":"done","reqId":"d85ca985-60e0-4eb5-b8c5-ebed0132dc96","durMs":116.181167}
{"t":1758309369263,"level":"debug","msg":"rate-disabled","reqId":"4ccbc013-d170-4c26-916f-6e66738c954f"}
{"t":1758309369352,"level":"info","msg":"insert-ok","reqId":"4ccbc013-d170-4c26-916f-6e66738c954f","id":"d1da4e1c-8641-46c0-9b05-bf0a14102eee"}
{"t":1758309369353,"level":"debug","msg":"done","reqId":"4ccbc013-d170-4c26-916f-6e66738c954f","durMs":89.546875}
{"t":1758309369375,"level":"debug","msg":"rate-disabled","reqId":"5ed34985-4a36-417c-88fa-f26025f21640"}
{"t":1758309369484,"level":"info","msg":"insert-ok","reqId":"5ed34985-4a36-417c-88fa-f26025f21640","id":"c96958e2-8030-4543-b449-83c57291c812"}
{"t":1758309369484,"level":"debug","msg":"done","reqId":"5ed34985-4a36-417c-88fa-f26025f21640","durMs":109.50675}
{"t":1758309369506,"level":"debug","msg":"rate-disabled","reqId":"5c11ceea-787b-4edd-8c29-8265adfd4ef3"}
{"t":1758309369581,"level":"info","msg":"insert-ok","reqId":"5c11ceea-787b-4edd-8c29-8265adfd4ef3","id":"7562c96e-bf45-4778-a0cf-9c3c25b55cb7"}
{"t":1758309369581,"level":"debug","msg":"done","reqId":"5c11ceea-787b-4edd-8c29-8265adfd4ef3","durMs":75.817709}
{"t":1758309369603,"level":"debug","msg":"rate-disabled","reqId":"92a6d1a8-7bd5-46af-b23b-0d6dca6ebebc"}
{"t":1758309369713,"level":"info","msg":"insert-ok","reqId":"92a6d1a8-7bd5-46af-b23b-0d6dca6ebebc","id":"dc5e428b-b1fa-4171-86ec-8c4d0d7eee38"}
{"t":1758309369713,"level":"debug","msg":"done","reqId":"92a6d1a8-7bd5-46af-b23b-0d6dca6ebebc","durMs":110.320042}
{"t":1758309369736,"level":"debug","msg":"rate-disabled","reqId":"c0376378-eeae-400a-98c0-00035b8517d0"}
{"t":1758309369806,"level":"info","msg":"insert-ok","reqId":"c0376378-eeae-400a-98c0-00035b8517d0","id":"8095b9b4-0388-4c35-8e97-a71c0d578e3d"}
{"t":1758309369807,"level":"debug","msg":"done","reqId":"c0376378-eeae-400a-98c0-00035b8517d0","durMs":70.485958}
{"t":1758309369829,"level":"debug","msg":"rate-disabled","reqId":"af17b767-0f71-488b-a177-f414a1ed878a"}
{"t":1758309369930,"level":"info","msg":"insert-ok","reqId":"af17b767-0f71-488b-a177-f414a1ed878a","id":"c5fc910e-8afb-438e-8a19-70bac1f74959"}
{"t":1758309369931,"level":"debug","msg":"done","reqId":"af17b767-0f71-488b-a177-f414a1ed878a","durMs":101.698875}
{"t":1758309369952,"level":"debug","msg":"rate-disabled","reqId":"dd30515e-7323-44cb-b7f1-b383b928f542"}
{"t":1758309370021,"level":"info","msg":"insert-ok","reqId":"dd30515e-7323-44cb-b7f1-b383b928f542","id":"ed845834-14ce-4e85-b188-42691515d1d2"}
{"t":1758309370022,"level":"debug","msg":"done","reqId":"dd30515e-7323-44cb-b7f1-b383b928f542","durMs":69.496917}
{"t":1758309370042,"level":"debug","msg":"rate-disabled","reqId":"8ee7974c-6685-40ac-809f-0d839f985f57"}
{"t":1758309370142,"level":"info","msg":"insert-ok","reqId":"8ee7974c-6685-40ac-809f-0d839f985f57","id":"30eada21-7e51-41f9-be39-a09397e6342b"}
{"t":1758309370143,"level":"debug","msg":"done","reqId":"8ee7974c-6685-40ac-809f-0d839f985f57","durMs":101.162167}
{"t":1758309370163,"level":"debug","msg":"rate-disabled","reqId":"e9792d5f-5fbc-4ef7-8aba-7a32be1a4671"}
{"t":1758309370235,"level":"info","msg":"insert-ok","reqId":"e9792d5f-5fbc-4ef7-8aba-7a32be1a4671","id":"bdda4fd4-83db-44e9-b8a9-edcbcc390e71"}
{"t":1758309370235,"level":"debug","msg":"done","reqId":"e9792d5f-5fbc-4ef7-8aba-7a32be1a4671","durMs":71.902208}
{"t":1758309370254,"level":"debug","msg":"rate-disabled","reqId":"99a111d3-8411-4b7c-b2be-7245f0478e67"}
{"t":1758309370337,"level":"info","msg":"insert-ok","reqId":"99a111d3-8411-4b7c-b2be-7245f0478e67","id":"03e8f114-bfac-4e5f-85fe-e1860c4774e9"}
{"t":1758309370338,"level":"debug","msg":"done","reqId":"99a111d3-8411-4b7c-b2be-7245f0478e67","durMs":83.286375}
{"t":1758309370357,"level":"debug","msg":"rate-disabled","reqId":"93e40498-9cb3-42aa-b09e-b4176417503f"}
{"t":1758309370451,"level":"info","msg":"insert-ok","reqId":"93e40498-9cb3-42aa-b09e-b4176417503f","id":"d5fdbe18-17c3-48ef-bcd6-5bf7a68bfd30"}
{"t":1758309370452,"level":"debug","msg":"done","reqId":"93e40498-9cb3-42aa-b09e-b4176417503f","durMs":94.790542}
{"t":1758309370471,"level":"debug","msg":"rate-disabled","reqId":"87a604f2-91c0-4d29-b26c-d9ae4f131d19"}
{"t":1758309370550,"level":"info","msg":"insert-ok","reqId":"87a604f2-91c0-4d29-b26c-d9ae4f131d19","id":"c0b25fbc-6638-4620-9dc7-57937f862673"}
{"t":1758309370551,"level":"debug","msg":"done","reqId":"87a604f2-91c0-4d29-b26c-d9ae4f131d19","durMs":79.626}
{"t":1758309370573,"level":"debug","msg":"rate-disabled","reqId":"3a94c581-cc87-46ca-8245-d77d24d49fa4"}
{"t":1758309370663,"level":"info","msg":"insert-ok","reqId":"3a94c581-cc87-46ca-8245-d77d24d49fa4","id":"5d96b1f4-7d72-4c08-997d-6372480f8760"}
{"t":1758309370664,"level":"debug","msg":"done","reqId":"3a94c581-cc87-46ca-8245-d77d24d49fa4","durMs":91.758375}
{"t":1758309370684,"level":"debug","msg":"rate-disabled","reqId":"1ab016bd-6f26-4327-a5e7-f11fa148f0b2"}
{"t":1758309370752,"level":"info","msg":"insert-ok","reqId":"1ab016bd-6f26-4327-a5e7-f11fa148f0b2","id":"2b65ffa8-1b20-4918-8541-2aa5d510af28"}
{"t":1758309370753,"level":"debug","msg":"done","reqId":"1ab016bd-6f26-4327-a5e7-f11fa148f0b2","durMs":68.92325}
{"t":1758309370772,"level":"debug","msg":"rate-disabled","reqId":"54c53ec8-5215-42fd-a0cb-2dbd35f75afb"}
{"t":1758309370843,"level":"info","msg":"insert-ok","reqId":"54c53ec8-5215-42fd-a0cb-2dbd35f75afb","id":"9bf44a2a-2358-4853-964c-fbeffa516731"}
{"t":1758309370844,"level":"debug","msg":"done","reqId":"54c53ec8-5215-42fd-a0cb-2dbd35f75afb","durMs":71.687083}
{"t":1758309370863,"level":"debug","msg":"rate-disabled","reqId":"c36986c9-2f33-4d66-870b-20a6e5cae4ae"}
{"t":1758309370930,"level":"info","msg":"insert-ok","reqId":"c36986c9-2f33-4d66-870b-20a6e5cae4ae","id":"379942a7-7ae0-4e0a-a138-d6a38f9eed9c"}
{"t":1758309370930,"level":"debug","msg":"done","reqId":"c36986c9-2f33-4d66-870b-20a6e5cae4ae","durMs":67.414125}
{"t":1758309370949,"level":"debug","msg":"rate-disabled","reqId":"2864145c-f675-4e19-b78a-891758dd6d0a"}
{"t":1758309371017,"level":"info","msg":"insert-ok","reqId":"2864145c-f675-4e19-b78a-891758dd6d0a","id":"62d7e728-d219-4aa7-9706-245fb6b0bbd7"}
{"t":1758309371017,"level":"debug","msg":"done","reqId":"2864145c-f675-4e19-b78a-891758dd6d0a","durMs":68.605416}
{"t":1758309371037,"level":"debug","msg":"rate-disabled","reqId":"7d77bc57-602f-4927-9783-509441fda9fb"}
{"t":1758309371108,"level":"info","msg":"insert-ok","reqId":"7d77bc57-602f-4927-9783-509441fda9fb","id":"9c0b3e93-7349-4486-87d6-7e5abf80896c"}
{"t":1758309371109,"level":"debug","msg":"done","reqId":"7d77bc57-602f-4927-9783-509441fda9fb","durMs":71.93275}
{"t":1758309371128,"level":"debug","msg":"rate-disabled","reqId":"d4843f8a-ff84-4962-80d9-06bc40ca5878"}
{"t":1758309371198,"level":"info","msg":"insert-ok","reqId":"d4843f8a-ff84-4962-80d9-06bc40ca5878","id":"4fbaba87-5291-4fcb-bf71-34586676aeb1"}
{"t":1758309371198,"level":"debug","msg":"done","reqId":"d4843f8a-ff84-4962-80d9-06bc40ca5878","durMs":69.974459}
{"t":1758309371218,"level":"debug","msg":"rate-disabled","reqId":"cc5767c3-603b-481c-a3d5-d72ce4b42371"}
{"t":1758309371285,"level":"info","msg":"insert-ok","reqId":"cc5767c3-603b-481c-a3d5-d72ce4b42371","id":"b0a5a3b4-372a-4142-aeb5-9de321846ca2"}
{"t":1758309371285,"level":"debug","msg":"done","reqId":"cc5767c3-603b-481c-a3d5-d72ce4b42371","durMs":67.32675}
{"t":1758309371305,"level":"debug","msg":"rate-disabled","reqId":"914b44ce-9eb0-4377-a1ee-8e524b109e35"}
{"t":1758309371377,"level":"info","msg":"insert-ok","reqId":"914b44ce-9eb0-4377-a1ee-8e524b109e35","id":"958e9db6-458f-4388-8490-a8c583336b32"}
{"t":1758309371378,"level":"debug","msg":"done","reqId":"914b44ce-9eb0-4377-a1ee-8e524b109e35","durMs":72.61025}
{"t":1758309371394,"level":"debug","msg":"rate-disabled","reqId":"1573cb41-dc51-4646-bbfe-c819c790081e"}
{"t":1758309371463,"level":"info","msg":"insert-ok","reqId":"1573cb41-dc51-4646-bbfe-c819c790081e","id":"fff03cf0-65e6-404c-a7fc-d01a32c5a745"}
{"t":1758309371464,"level":"debug","msg":"done","reqId":"1573cb41-dc51-4646-bbfe-c819c790081e","durMs":69.927541}
{"t":1758309371483,"level":"debug","msg":"rate-disabled","reqId":"a6fded30-f6f7-4f83-8fef-864914482cdc"}
{"t":1758309371556,"level":"info","msg":"insert-ok","reqId":"a6fded30-f6f7-4f83-8fef-864914482cdc","id":"b6ea09bd-ecf5-4ae8-8839-b4efcfb5e9ea"}
{"t":1758309371556,"level":"debug","msg":"done","reqId":"a6fded30-f6f7-4f83-8fef-864914482cdc","durMs":73.271541}
{"t":1758309371577,"level":"debug","msg":"rate-disabled","reqId":"63adbdf3-ba39-4a69-9a39-2ede9b72b7c6"}
{"t":1758309371649,"level":"info","msg":"insert-ok","reqId":"63adbdf3-ba39-4a69-9a39-2ede9b72b7c6","id":"6dc53525-ba4b-45dc-9166-2d6456456ff3"}
{"t":1758309371650,"level":"debug","msg":"done","reqId":"63adbdf3-ba39-4a69-9a39-2ede9b72b7c6","durMs":73.427292}
{"t":1758309371671,"level":"debug","msg":"rate-disabled","reqId":"135a877e-a6c7-431c-b8a7-cf70f5f3c4bf"}
{"t":1758309371737,"level":"info","msg":"insert-ok","reqId":"135a877e-a6c7-431c-b8a7-cf70f5f3c4bf","id":"2f9d9bcd-bab7-4fdc-930c-f7e61a07c2f3"}
{"t":1758309371738,"level":"debug","msg":"done","reqId":"135a877e-a6c7-431c-b8a7-cf70f5f3c4bf","durMs":66.355625}
{"t":1758309371751,"level":"debug","msg":"rate-disabled","reqId":"c6bced62-0cde-42a6-aeaf-b58ad30b703c"}
{"t":1758309371827,"level":"info","msg":"insert-ok","reqId":"c6bced62-0cde-42a6-aeaf-b58ad30b703c","id":"b42db768-53b5-49ca-ac99-0d74527f606b"}
{"t":1758309371827,"level":"debug","msg":"done","reqId":"c6bced62-0cde-42a6-aeaf-b58ad30b703c","durMs":76.563834}
{"t":1758309371839,"level":"debug","msg":"rate-disabled","reqId":"1ed80a1b-9d86-475c-9fe1-d8b196f1103f"}
{"t":1758309371904,"level":"info","msg":"insert-ok","reqId":"1ed80a1b-9d86-475c-9fe1-d8b196f1103f","id":"593c211e-0401-44fd-a1c8-aba65d6d4c1b"}
{"t":1758309371904,"level":"debug","msg":"done","reqId":"1ed80a1b-9d86-475c-9fe1-d8b196f1103f","durMs":64.804417}
{"t":1758309371941,"level":"debug","msg":"rate-disabled","reqId":"7fff2b33-5aa0-496f-8d1d-b2eebdda357f"}
{"t":1758309372015,"level":"info","msg":"insert-ok","reqId":"7fff2b33-5aa0-496f-8d1d-b2eebdda357f","id":"188a0bdf-3714-4c84-b9c1-67411e2dfe1c"}
{"t":1758309372015,"level":"debug","msg":"done","reqId":"7fff2b33-5aa0-496f-8d1d-b2eebdda357f","durMs":74.054208}
{"t":1758309372032,"level":"debug","msg":"rate-disabled","reqId":"c3918cb2-df64-4619-bb24-00c3ceb61b86"}
{"t":1758309372103,"level":"info","msg":"insert-ok","reqId":"c3918cb2-df64-4619-bb24-00c3ceb61b86","id":"be1bb735-b6ae-48a6-b2c0-5e7d5136e72c"}
{"t":1758309372104,"level":"debug","msg":"done","reqId":"c3918cb2-df64-4619-bb24-00c3ceb61b86","durMs":71.483791}
{"t":1758309372130,"level":"debug","msg":"rate-disabled","reqId":"9cd0bf81-3255-440c-9334-59fc735e68a8"}
{"t":1758309372200,"level":"info","msg":"insert-ok","reqId":"9cd0bf81-3255-440c-9334-59fc735e68a8","id":"9bdff15a-96bf-4a8e-b969-6997a34c0ab2"}
{"t":1758309372201,"level":"debug","msg":"done","reqId":"9cd0bf81-3255-440c-9334-59fc735e68a8","durMs":70.818417}
{"t":1758309372230,"level":"debug","msg":"rate-disabled","reqId":"79d168be-b391-44ad-95ac-58f4656c4dd2"}
{"t":1758309372309,"level":"info","msg":"insert-ok","reqId":"79d168be-b391-44ad-95ac-58f4656c4dd2","id":"cc6fb26b-3d02-42fd-b97b-533c7a0b443f"}
{"t":1758309372310,"level":"debug","msg":"done","reqId":"79d168be-b391-44ad-95ac-58f4656c4dd2","durMs":79.921958}
{"t":1758309372338,"level":"debug","msg":"rate-disabled","reqId":"a28a165b-e86d-4709-9416-d30bdb2a5471"}
{"t":1758309372408,"level":"info","msg":"insert-ok","reqId":"a28a165b-e86d-4709-9416-d30bdb2a5471","id":"d64d7096-6cec-4f5b-a8f6-02e19934d072"}
{"t":1758309372409,"level":"debug","msg":"done","reqId":"a28a165b-e86d-4709-9416-d30bdb2a5471","durMs":70.859125}
{"t":1758309372440,"level":"debug","msg":"rate-disabled","reqId":"74a5e4db-7a73-429d-94f0-b256020ef68b"}
{"t":1758309372519,"level":"info","msg":"insert-ok","reqId":"74a5e4db-7a73-429d-94f0-b256020ef68b","id":"7156e861-dd2b-45f9-bc90-91ef92f205b9"}
{"t":1758309372520,"level":"debug","msg":"done","reqId":"74a5e4db-7a73-429d-94f0-b256020ef68b","durMs":79.578958}
{"t":1758309372550,"level":"debug","msg":"rate-disabled","reqId":"04772028-71f4-48cd-8131-97201cb2a224"}
{"t":1758309372624,"level":"info","msg":"insert-ok","reqId":"04772028-71f4-48cd-8131-97201cb2a224","id":"e40045a1-e24d-4710-83dd-773eb19390f5"}
{"t":1758309372625,"level":"debug","msg":"done","reqId":"04772028-71f4-48cd-8131-97201cb2a224","durMs":75.5395}
{"t":1758309372657,"level":"debug","msg":"rate-disabled","reqId":"71e3b1a2-e3aa-4654-967a-9dd1495f4f77"}
{"t":1758309372726,"level":"info","msg":"insert-ok","reqId":"71e3b1a2-e3aa-4654-967a-9dd1495f4f77","id":"a2f6d87e-0106-41d5-8f32-c6c3d6f555f8"}
{"t":1758309372727,"level":"debug","msg":"done","reqId":"71e3b1a2-e3aa-4654-967a-9dd1495f4f77","durMs":69.715666}
{"t":1758309372757,"level":"debug","msg":"rate-disabled","reqId":"57217d9d-0ab4-4dc7-9f55-70b9b8a7eb74"}
{"t":1758309372834,"level":"info","msg":"insert-ok","reqId":"57217d9d-0ab4-4dc7-9f55-70b9b8a7eb74","id":"4a388ecf-9390-4b1b-9b86-6907399c5629"}
{"t":1758309372835,"level":"debug","msg":"done","reqId":"57217d9d-0ab4-4dc7-9f55-70b9b8a7eb74","durMs":77.376042}
{"t":1758309372862,"level":"debug","msg":"rate-disabled","reqId":"2a594ef9-e75f-40d4-8d1d-cb973d91e068"}
{"t":1758309372935,"level":"info","msg":"insert-ok","reqId":"2a594ef9-e75f-40d4-8d1d-cb973d91e068","id":"112c903d-53d9-4618-9fcc-242b70a23515"}
{"t":1758309372936,"level":"debug","msg":"done","reqId":"2a594ef9-e75f-40d4-8d1d-cb973d91e068","durMs":73.754916}
{"t":1758309372961,"level":"debug","msg":"rate-disabled","reqId":"8dcebe17-9a03-4e5a-bc83-eb0f40f2ef58"}
{"t":1758309373040,"level":"info","msg":"insert-ok","reqId":"8dcebe17-9a03-4e5a-bc83-eb0f40f2ef58","id":"4d92389a-5caf-49ee-a144-beacac2ec327"}
{"t":1758309373041,"level":"debug","msg":"done","reqId":"8dcebe17-9a03-4e5a-bc83-eb0f40f2ef58","durMs":79.615125}
{"t":1758309373072,"level":"debug","msg":"rate-disabled","reqId":"41be5309-31da-489b-8d90-df89431bc0ee"}
{"t":1758309373147,"level":"info","msg":"insert-ok","reqId":"41be5309-31da-489b-8d90-df89431bc0ee","id":"f63f40e1-fa64-4141-bcbd-b6470698eed3"}
{"t":1758309373148,"level":"debug","msg":"done","reqId":"41be5309-31da-489b-8d90-df89431bc0ee","durMs":76.534458}
{"t":1758309373177,"level":"debug","msg":"rate-disabled","reqId":"8e3294d0-e66f-415a-8470-d98dd1937be9"}
{"t":1758309373241,"level":"info","msg":"insert-ok","reqId":"8e3294d0-e66f-415a-8470-d98dd1937be9","id":"99c84d73-7727-4cad-a1d9-1c83b75ab6ac"}
{"t":1758309373242,"level":"debug","msg":"done","reqId":"8e3294d0-e66f-415a-8470-d98dd1937be9","durMs":64.523417}
{"t":1758309373271,"level":"debug","msg":"rate-disabled","reqId":"a34b3f9e-987a-4bbc-ba11-1b09b88bdd8f"}
{"t":1758309373344,"level":"info","msg":"insert-ok","reqId":"a34b3f9e-987a-4bbc-ba11-1b09b88bdd8f","id":"edbf3d85-1400-4c3d-8e88-508c9ba6a5e8"}
{"t":1758309373344,"level":"debug","msg":"done","reqId":"a34b3f9e-987a-4bbc-ba11-1b09b88bdd8f","durMs":73.254917}
